2025-10-03 18:49:55, MOVE, v:1, k:toalha, mode:DOWN
2025-10-03 18:57:14, MOVE, v:1, k:toalha, mode:PICK
2025-10-03 18:57:18, EXEC, v:1, k:toalha, mode:FREE, size:55
2025-10-03 18:59:11, EXEC, v:1, k:toalha, mode:FREE
2025-10-03 18:59:16, EXEC, v:1, k:toalha, mode:LOCK, rate:100
2025-10-03 18:59:17, EXEC, v:1, k:toalha, mode:LOCK, rate:100
2025-10-03 18:59:48, EXEC, v:1, k:toalha, mode:FREE
2025-10-03 19:01:55, EXEC, v:1, k:toalha, mode:LOCK, rate:100, size:59
2025-10-03 19:01:57, EXEC, v:1, k:toalha, mode:LOCK, rate:100
2025-10-03 19:01:58, EXEC, v:1, k:toalha, mode:LOCK, rate:100
2025-10-03 19:02:00, MOVE, v:1, k:toalha, mode:BACK
2025-10-03 19:02:08, MOVE, v:1, k:toalha, mode:PICK
2025-10-03 19:02:09, EXEC, v:1, k:toalha, mode:LOCK, rate:100
2025-10-03 19:02:14, EXEC, v:1, k:toalha, mode:LOCK, rate:100
2025-10-03 19:02:14, EXEC, v:1, k:toalha, mode:LOCK, rate:100
2025-10-03 19:02:15, EXEC, v:1, k:toalha, mode:LOCK, rate:100
2025-10-03 19:02:15, EXEC, v:1, k:toalha, mode:LOCK, rate:100
2025-10-03 19:02:15, EXEC, v:1, k:toalha, mode:LOCK, rate:100
2025-10-03 19:02:15, EXEC, v:1, k:toalha, mode:LOCK, rate:100
2025-10-03 19:02:15, EXEC, v:1, k:toalha, mode:LOCK, rate:100
2025-10-03 19:02:16, EXEC, v:1, k:toalha, mode:LOCK, rate:100
2025-10-03 19:02:16, EXEC, v:1, k:toalha, mode:LOCK, rate:100
2025-10-03 19:02:16, EXEC, v:1, k:toalha, mode:LOCK, rate:100
2025-10-03 19:02:16, EXEC, v:1, k:toalha, mode:LOCK, rate:100
2025-10-03 19:02:16, EXEC, v:1, k:toalha, mode:LOCK, rate:100
2025-10-03 19:02:16, EXEC, v:1, k:toalha, mode:LOCK, rate:100
2025-10-03 19:02:16, EXEC, v:1, k:toalha, mode:LOCK, rate:100
2025-10-03 19:02:17, EXEC, v:1, k:toalha, mode:LOCK, rate:100
2025-10-03 19:02:17, EXEC, v:1, k:toalha, mode:LOCK, rate:100
2025-10-03 19:02:17, EXEC, v:1, k:toalha, mode:LOCK, rate:100
2025-10-03 19:02:17, EXEC, v:1, k:toalha, mode:LOCK, rate:100
2025-10-03 19:02:17, EXEC, v:1, k:toalha, mode:LOCK, rate:100
2025-10-03 19:02:18, EXEC, v:1, k:toalha, mode:LOCK, rate:100
2025-10-03 19:02:28, MOVE, v:1, k:toalha, mode:BACK
2025-10-03 19:02:31, MOVE, v:1, k:toalha, mode:PICK
2025-10-03 19:02:41, EXEC, v:1, k:toalha, mode:FREE
2025-10-03 19:02:54, MOVE, v:1, k:toalha, mode:BACK
2025-10-03 19:04:56, MOVE, v:1, k:toalha, mode:PICK
2025-10-03 19:05:57, EXEC, v:1, k:toalha, mode:LOCK, rate:100
2025-10-03 19:06:08, EXEC, v:1, k:toalha, mode:LOCK, rate:100
2025-10-03 19:06:26, EXEC, v:1, k:toalha, mode:FREE, size:60
2025-10-03 19:09:27, EXEC, v:1, k:toalha, mode:LOCK, rate:100, size:59
2025-10-03 19:09:28, EXEC, v:1, k:toalha, mode:LOCK, rate:100
2025-10-03 19:09:28, EXEC, v:1, k:toalha, mode:LOCK, rate:100
2025-10-03 19:09:28, EXEC, v:1, k:toalha, mode:LOCK, rate:100
2025-10-03 19:09:28, EXEC, v:1, k:toalha, mode:LOCK, rate:100
2025-10-03 19:09:28, EXEC, v:1, k:toalha, mode:LOCK, rate:100
2025-10-03 19:09:29, EXEC, v:1, k:toalha, mode:LOCK, rate:100
2025-10-03 19:09:29, EXEC, v:1, k:toalha, mode:LOCK, rate:100
2025-10-03 19:09:29, EXEC, v:1, k:toalha, mode:LOCK, rate:100
2025-10-03 19:09:29, EXEC, v:1, k:toalha, mode:LOCK, rate:100
2025-10-03 19:09:29, EXEC, v:1, k:toalha, mode:LOCK, rate:100
2025-10-03 19:09:29, EXEC, v:1, k:toalha, mode:LOCK, rate:100
2025-10-03 19:09:29, EXEC, v:1, k:toalha, mode:LOCK, rate:100
2025-10-03 19:09:30, EXEC, v:1, k:toalha, mode:LOCK, rate:100
2025-10-03 19:09:30, EXEC, v:1, k:toalha, mode:LOCK, rate:100
2025-10-03 19:09:30, EXEC, v:1, k:toalha, mode:LOCK, rate:100
2025-10-03 19:09:30, EXEC, v:1, k:toalha, mode:LOCK, rate:100
2025-10-03 19:09:30, EXEC, v:1, k:toalha, mode:LOCK, rate:100
2025-10-03 19:09:30, EXEC, v:1, k:toalha, mode:LOCK, rate:100
2025-10-03 19:09:30, EXEC, v:1, k:toalha, mode:LOCK, rate:100
2025-10-03 19:09:31, EXEC, v:1, k:toalha, mode:LOCK, rate:100
2025-10-03 19:09:31, EXEC, v:1, k:toalha, mode:LOCK, rate:100
2025-10-03 19:09:31, EXEC, v:1, k:toalha, mode:LOCK, rate:100
2025-10-03 19:09:31, EXEC, v:1, k:toalha, mode:LOCK, rate:100
2025-10-03 19:09:31, EXEC, v:1, k:toalha, mode:LOCK, rate:100
2025-10-03 19:09:31, EXEC, v:1, k:toalha, mode:LOCK, rate:100
2025-10-03 19:09:32, EXEC, v:1, k:toalha, mode:LOCK, rate:100
2025-10-03 19:09:32, EXEC, v:1, k:toalha, mode:LOCK, rate:100
2025-10-03 19:09:32, EXEC, v:1, k:toalha, mode:LOCK, rate:100
2025-10-03 19:09:32, EXEC, v:1, k:toalha, mode:LOCK, rate:100
2025-10-03 19:09:32, EXEC, v:1, k:toalha, mode:LOCK, rate:100
2025-10-03 19:09:32, EXEC, v:1, k:toalha, mode:LOCK, rate:100
2025-10-03 19:09:32, EXEC, v:1, k:toalha, mode:LOCK, rate:100
2025-10-03 19:09:33, EXEC, v:1, k:toalha, mode:LOCK, rate:100
2025-10-03 19:09:33, EXEC, v:1, k:toalha, mode:LOCK, rate:100
2025-10-03 19:09:33, EXEC, v:1, k:toalha, mode:LOCK, rate:100
2025-10-03 19:09:33, EXEC, v:1, k:toalha, mode:LOCK, rate:100
2025-10-03 19:09:33, EXEC, v:1, k:toalha, mode:LOCK, rate:100
2025-10-03 19:09:33, EXEC, v:1, k:toalha, mode:LOCK, rate:100
2025-10-03 19:09:33, EXEC, v:1, k:toalha, mode:LOCK, rate:100
2025-10-03 19:09:34, EXEC, v:1, k:toalha, mode:LOCK, rate:100
2025-10-03 19:09:34, EXEC, v:1, k:toalha, mode:LOCK, rate:100
2025-10-03 19:09:34, EXEC, v:1, k:toalha, mode:LOCK, rate:100
2025-10-03 19:09:34, EXEC, v:1, k:toalha, mode:LOCK, rate:100
2025-10-03 19:09:34, EXEC, v:1, k:toalha, mode:LOCK, rate:100
2025-10-03 19:09:34, EXEC, v:1, k:toalha, mode:LOCK, rate:100
2025-10-03 19:09:34, EXEC, v:1, k:toalha, mode:LOCK, rate:100
2025-10-03 19:09:34, EXEC, v:1, k:toalha, mode:LOCK, rate:100
2025-10-03 19:09:35, EXEC, v:1, k:toalha, mode:LOCK, rate:100
2025-10-03 19:09:35, EXEC, v:1, k:toalha, mode:LOCK, rate:100
2025-10-03 19:09:35, EXEC, v:1, k:toalha, mode:LOCK, rate:100
2025-10-03 19:09:35, EXEC, v:1, k:toalha, mode:LOCK, rate:100
2025-10-03 19:09:35, EXEC, v:1, k:toalha, mode:LOCK, rate:100
2025-10-03 19:09:35, EXEC, v:1, k:toalha, mode:LOCK, rate:100
2025-10-03 19:09:35, EXEC, v:1, k:toalha, mode:LOCK, rate:100
2025-10-03 19:09:36, EXEC, v:1, k:toalha, mode:LOCK, rate:100
2025-10-03 19:09:36, EXEC, v:1, k:toalha, mode:LOCK, rate:100
2025-10-03 19:09:36, EXEC, v:1, k:toalha, mode:LOCK, rate:100
2025-10-03 19:09:36, EXEC, v:1, k:toalha, mode:LOCK, rate:100
2025-10-03 19:09:36, EXEC, v:1, k:toalha, mode:LOCK, rate:100
2025-10-03 19:09:36, EXEC, v:1, k:toalha, mode:LOCK, rate:100
2025-10-03 19:09:36, EXEC, v:1, k:toalha, mode:LOCK, rate:100
2025-10-03 19:09:37, EXEC, v:1, k:toalha, mode:LOCK, rate:100
2025-10-03 19:09:37, EXEC, v:1, k:toalha, mode:LOCK, rate:100
2025-10-03 19:09:37, EXEC, v:1, k:toalha, mode:LOCK, rate:100
2025-10-03 19:09:37, EXEC, v:1, k:toalha, mode:LOCK, rate:100
2025-10-03 19:09:37, EXEC, v:1, k:toalha, mode:LOCK, rate:100
2025-10-03 19:09:37, EXEC, v:1, k:toalha, mode:LOCK, rate:100
2025-10-03 19:09:37, EXEC, v:1, k:toalha, mode:LOCK, rate:100
2025-10-03 19:09:38, EXEC, v:1, k:toalha, mode:LOCK, rate:100
2025-10-03 19:09:38, EXEC, v:1, k:toalha, mode:LOCK, rate:100
2025-10-03 19:09:38, EXEC, v:1, k:toalha, mode:LOCK, rate:100
2025-10-03 19:09:38, EXEC, v:1, k:toalha, mode:LOCK, rate:100
2025-10-03 19:09:38, EXEC, v:1, k:toalha, mode:LOCK, rate:100
2025-10-03 19:09:38, EXEC, v:1, k:toalha, mode:LOCK, rate:100
2025-10-03 19:09:38, EXEC, v:1, k:toalha, mode:LOCK, rate:100
2025-10-03 19:09:39, EXEC, v:1, k:toalha, mode:LOCK, rate:100
2025-10-03 19:09:39, EXEC, v:1, k:toalha, mode:LOCK, rate:100
2025-10-03 19:09:39, EXEC, v:1, k:toalha, mode:LOCK, rate:100
2025-10-03 19:11:29, EXEC, v:1, k:toalha, mode:FREE
2025-10-03 19:15:08, MOVE, v:1, k:toalha, mode:PICK
2025-10-03 19:15:09, EXEC, v:1, k:toalha, mode:FREE
2025-10-03 19:17:42, MOVE, v:1, k:toalha, mode:BACK
2025-10-03 19:17:49, MOVE, v:1, k:calculadora, mode:DOWN
2025-10-03 19:20:50, MOVE, v:1, k:calculadora, mode:PICK
2025-10-03 19:20:53, EXEC, v:1, k:calculadora, mode:FREE, size:93
2025-10-03 19:21:36, MOVE, v:1, k:calculadora, mode:BACK
2025-10-03 19:21:40, MOVE, v:1, k:toalha, mode:PICK
2025-10-03 19:23:40, EXEC, v:1, k:toalha, mode:FREE, size:57
2025-10-03 19:24:52, EXEC, v:1, k:toalha, mode:LOCK, rate:0
2025-10-03 19:25:50, MOVE, v:1, k:toalha, mode:PICK
2025-10-03 19:25:51, EXEC, v:1, k:toalha, mode:LOCK, rate:0
2025-10-03 19:26:20, EXEC, v:1, k:toalha, mode:FREE
2025-10-03 19:27:42, EXEC, v:1, k:toalha, mode:LOCK, rate:0
2025-10-03 19:27:49, EXEC, v:1, k:toalha, mode:LOCK, rate:0
2025-10-03 19:27:50, EXEC, v:1, k:toalha, mode:LOCK, rate:0
2025-10-03 19:27:50, EXEC, v:1, k:toalha, mode:LOCK, rate:0
2025-10-03 19:27:50, EXEC, v:1, k:toalha, mode:LOCK, rate:0
2025-10-03 19:27:50, EXEC, v:1, k:toalha, mode:LOCK, rate:0
2025-10-03 19:27:50, EXEC, v:1, k:toalha, mode:LOCK, rate:0
2025-10-03 19:28:05, MOVE, v:1, k:toalha, mode:BACK
2025-10-03 19:28:46, SELF, v:1, k:toalha, rate:100, alone:10, study:45
2025-10-03 19:28:52, MOVE, v:1, k:calculadora, mode:PICK
2025-10-03 19:29:11, MOVE, v:1, k:calculadora, mode:BACK
2025-10-03 19:29:14, MOVE, v:1, k:toalha, mode:PICK
2025-10-03 19:30:03, EXEC, v:1, k:toalha, mode:LOCK, rate:0
2025-10-03 19:31:02, EXEC, v:1, k:toalha, mode:LOCK, rate:0
2025-10-03 19:31:04, EXEC, v:1, k:toalha, mode:LOCK, rate:0
2025-10-03 19:31:35, MOVE, v:1, k:toalha, mode:BACK
